<?xml version="1.0" encoding="UTF-8"?>
<testsuite xmlns:xsi="http://www.w3.org/2001/XMLSchema-instance" xsi:noNamespaceSchemaLocation="https://maven.apache.org/surefire/maven-surefire-plugin/xsd/surefire-test-report.xsd" version="3.0.2" name="com.example.client.ClientProfile.ClientProfileServiceImplTest" time="1.795" tests="24" errors="0" skipped="0" failures="0">
  <properties>
[...]
</properties>
  <testcase name="getClient_FromCache_Success" classname="com.example.client.ClientProfile.ClientProfileServiceImplTest" time="1.586">
    <system-out><![CDATA[23:51:42.330 [main] INFO com.example.client.ClientProfile.ClientProfileServiceImpl -- Retrieving client profile: CLI-ABC12345 for agent: AGENT-100
]]></system-out>
    <system-err><![CDATA[Mockito is currently self-attaching to enable the inline-mock-maker. This will no longer work in future releases of the JDK. Please add Mockito as an agent to your build as described in Mockito's documentation: https://javadoc.io/doc/org.mockito/mockito-core/latest/org.mockito/org/mockito/Mockito.html#0.3
WARNING: A Java agent has been loaded dynamically (C:\Users\siahj\.m2\repository\net\bytebuddy\byte-buddy-agent\1.17.7\byte-buddy-agent-1.17.7.jar)
WARNING: If a serviceability tool is in use, please run with -XX:+EnableDynamicAgentLoading to hide this warning
WARNING: If a serviceability tool is not in use, please run with -Djdk.instrument.traceUsage for more information
WARNING: Dynamic loading of agents will be disallowed by default in a future release
]]></system-err>
  </testcase>
  <testcase name="updateClient_OnlyUpdatesChangedFields" classname="com.example.client.ClientProfile.ClientProfileServiceImplTest" time="0.016">
    <system-out><![CDATA[23:51:42.412 [main] INFO com.example.client.ClientProfile.ClientProfileServiceImpl -- Updating client profile: CLI-ABC12345 for agent: AGENT-100
23:51:42.412 [main] INFO com.example.client.ClientProfile.ClientProfileServiceImpl -- Fetching authorized client for clientId=CLI-ABC12345 agentId=AGENT-100
23:51:42.412 [main] INFO com.example.client.ClientProfile.ClientProfileServiceImpl -- Client profile updated successfully: CLI-ABC12345
]]></system-out>
  </testcase>
  <testcase name="findEmailByClientIdAndAgentId_EmailBlank_ThrowsException" classname="com.example.client.ClientProfile.ClientProfileServiceImplTest" time="0.022">
    <system-out><![CDATA[23:51:42.432 [main] INFO com.example.client.ClientProfile.ClientProfileServiceImpl -- Fetching email for clientId=CLI-ABC12345 agentId=AGENT-100
]]></system-out>
  </testcase>
  <testcase name="updateClient_Success_UpdatesAllFields" classname="com.example.client.ClientProfile.ClientProfileServiceImplTest" time="0.015">
    <system-out><![CDATA[23:51:42.441 [main] INFO com.example.client.ClientProfile.ClientProfileServiceImpl -- Updating client profile: CLI-ABC12345 for agent: AGENT-100
23:51:42.442 [main] INFO com.example.client.ClientProfile.ClientProfileServiceImpl -- Fetching authorized client for clientId=CLI-ABC12345 agentId=AGENT-100
23:51:42.444 [main] INFO com.example.client.ClientProfile.ClientProfileServiceImpl -- Client profile updated successfully: CLI-ABC12345
]]></system-out>
  </testcase>
  <testcase name="getClient_CacheHitButWrongAgent_FetchesFromRepository" classname="com.example.client.ClientProfile.ClientProfileServiceImplTest" time="0.008">
    <system-out><![CDATA[23:51:42.455 [main] INFO com.example.client.ClientProfile.ClientProfileServiceImpl -- Retrieving client profile: CLI-ABC12345 for agent: AGENT-100
]]></system-out>
  </testcase>
  <testcase name="existsByClientIdAndAgentId_True" classname="com.example.client.ClientProfile.ClientProfileServiceImplTest" time="0.007">
    <system-out><![CDATA[23:51:42.465 [main] INFO com.example.client.ClientProfile.ClientProfileServiceImpl -- Checking if client exists: CLI-ABC12345 for agent: AGENT-100
]]></system-out>
  </testcase>
  <testcase name="updateClient_DeletedClient_ThrowsException" classname="com.example.client.ClientProfile.ClientProfileServiceImplTest" time="0.004">
    <system-out><![CDATA[23:51:42.470 [main] INFO com.example.client.ClientProfile.ClientProfileServiceImpl -- Updating client profile: CLI-ABC12345 for agent: AGENT-100
23:51:42.470 [main] INFO com.example.client.ClientProfile.ClientProfileServiceImpl -- Fetching authorized client for clientId=CLI-ABC12345 agentId=AGENT-100
]]></system-out>
  </testcase>
  <testcase name="patchClientStatus_Success" classname="com.example.client.ClientProfile.ClientProfileServiceImplTest" time="0.007">
    <system-out><![CDATA[23:51:42.474 [main] INFO com.example.client.ClientProfile.ClientProfileServiceImpl -- Patching status for client profile: CLI-ABC12345 to VERIFIED by agent: AGENT-100
23:51:42.474 [main] INFO com.example.client.ClientProfile.ClientProfileServiceImpl -- Fetching authorized client for clientId=CLI-ABC12345 agentId=AGENT-100
23:51:42.477 [main] INFO com.example.client.ClientProfile.ClientProfileServiceImpl -- Client profile status updated successfully: CLI-ABC12345
]]></system-out>
  </testcase>
  <testcase name="findEmailByClientIdAndAgentId_EmailMissing_ThrowsException" classname="com.example.client.ClientProfile.ClientProfileServiceImplTest" time="0.004">
    <system-out><![CDATA[23:51:42.485 [main] INFO com.example.client.ClientProfile.ClientProfileServiceImpl -- Fetching email for clientId=CLI-ABC12345 agentId=AGENT-100
]]></system-out>
  </testcase>
  <testcase name="getAllClientsByAgent_FromRepository_WhenCacheMiss" classname="com.example.client.ClientProfile.ClientProfileServiceImplTest" time="0.008">
    <system-out><![CDATA[23:51:42.492 [main] INFO com.example.client.ClientProfile.ClientProfileServiceImpl -- Retrieving all client profiles for agent: AGENT-100
]]></system-out>
  </testcase>
  <testcase name="updateClient_EmailAlreadyExists_ThrowsException" classname="com.example.client.ClientProfile.ClientProfileServiceImplTest" time="0.006">
    <system-out><![CDATA[23:51:42.502 [main] INFO com.example.client.ClientProfile.ClientProfileServiceImpl -- Updating client profile: CLI-ABC12345 for agent: AGENT-100
23:51:42.502 [main] INFO com.example.client.ClientProfile.ClientProfileServiceImpl -- Fetching authorized client for clientId=CLI-ABC12345 agentId=AGENT-100
]]></system-out>
  </testcase>
  <testcase name="updateClient_ClientNotFound_ThrowsException" classname="com.example.client.ClientProfile.ClientProfileServiceImplTest" time="0.0">
    <system-out><![CDATA[23:51:42.503 [main] INFO com.example.client.ClientProfile.ClientProfileServiceImpl -- Updating client profile: CLI-ABC12345 for agent: AGENT-100
23:51:42.503 [main] INFO com.example.client.ClientProfile.ClientProfileServiceImpl -- Fetching authorized client for clientId=CLI-ABC12345 agentId=AGENT-100
]]></system-out>
  </testcase>
  <testcase name="findEmailByClientIdAndAgentId_ClientNotVerified_ThrowsException" classname="com.example.client.ClientProfile.ClientProfileServiceImplTest" time="0.012">
    <system-out><![CDATA[23:51:42.514 [main] INFO com.example.client.ClientProfile.ClientProfileServiceImpl -- Fetching email for clientId=CLI-ABC12345 agentId=AGENT-100
]]></system-out>
  </testcase>
  <testcase name="createClient_Success" classname="com.example.client.ClientProfile.ClientProfileServiceImplTest" time="0.008">
    <system-out><![CDATA[23:51:42.520 [main] INFO com.example.client.ClientProfile.ClientProfileServiceImpl -- Creating client profile for agent: AGENT-100
]]></system-out>
  </testcase>
  <testcase name="sendVerificationEmail_Success" classname="com.example.client.ClientProfile.ClientProfileServiceImplTest" time="0.007">
    <system-out><![CDATA[23:51:42.530 [main] INFO com.example.client.ClientProfile.ClientProfileServiceImpl -- Sending verification email for client: CLI-ABC12345 by agent: AGENT-100
23:51:42.530 [main] INFO com.example.client.ClientProfile.ClientProfileServiceImpl -- Fetching authorized client for clientId=CLI-ABC12345 agentId=AGENT-100
]]></system-out>
  </testcase>
  <testcase name="deleteClient_Success" classname="com.example.client.ClientProfile.ClientProfileServiceImplTest" time="0.007">
    <system-out><![CDATA[23:51:42.535 [main] INFO com.example.client.ClientProfile.ClientProfileServiceImpl -- Soft deleting client profile: CLI-ABC12345 by agent: AGENT-100
23:51:42.535 [main] INFO com.example.client.ClientProfile.ClientProfileServiceImpl -- Fetching authorized client for clientId=CLI-ABC12345 agentId=AGENT-100
23:51:42.537 [main] INFO com.example.client.ClientProfile.ClientProfileServiceImpl -- Client profile soft deleted successfully: CLI-ABC12345
]]></system-out>
  </testcase>
  <testcase name="getAllClientsByAgent_EmptyList_DoesNotCache" classname="com.example.client.ClientProfile.ClientProfileServiceImplTest" time="0.003">
    <system-out><![CDATA[23:51:42.541 [main] INFO com.example.client.ClientProfile.ClientProfileServiceImpl -- Retrieving all client profiles for agent: AGENT-100
]]></system-out>
  </testcase>
  <testcase name="findEmailByClientIdAndAgentId_Success" classname="com.example.client.ClientProfile.ClientProfileServiceImplTest" time="0.003">
    <system-out><![CDATA[23:51:42.545 [main] INFO com.example.client.ClientProfile.ClientProfileServiceImpl -- Fetching email for clientId=CLI-ABC12345 agentId=AGENT-100
]]></system-out>
  </testcase>
  <testcase name="getClient_NotFound_ReturnsEmpty" classname="com.example.client.ClientProfile.ClientProfileServiceImplTest" time="0.007">
    <system-out><![CDATA[23:51:42.549 [main] INFO com.example.client.ClientProfile.ClientProfileServiceImpl -- Retrieving client profile: CLI-ABC12345 for agent: AGENT-100
]]></system-out>
  </testcase>
  <testcase name="getClient_FromRepository_WhenCacheMiss" classname="com.example.client.ClientProfile.ClientProfileServiceImplTest" time="0.002">
    <system-out><![CDATA[23:51:42.555 [main] INFO com.example.client.ClientProfile.ClientProfileServiceImpl -- Retrieving client profile: CLI-ABC12345 for agent: AGENT-100
]]></system-out>
  </testcase>
  <testcase name="updateClient_UnauthorizedAgent_ThrowsException" classname="com.example.client.ClientProfile.ClientProfileServiceImplTest" time="0.005">
    <system-out><![CDATA[23:51:42.555 [main] INFO com.example.client.ClientProfile.ClientProfileServiceImpl -- Updating client profile: CLI-ABC12345 for agent: AGENT-100
23:51:42.555 [main] INFO com.example.client.ClientProfile.ClientProfileServiceImpl -- Fetching authorized client for clientId=CLI-ABC12345 agentId=AGENT-100
]]></system-out>
  </testcase>
  <testcase name="existsByClientIdAndAgentId_False" classname="com.example.client.ClientProfile.ClientProfileServiceImplTest" time="0.002">
    <system-out><![CDATA[23:51:42.565 [main] INFO com.example.client.ClientProfile.ClientProfileServiceImpl -- Checking if client exists: CLI-ABC12345 for agent: AGENT-100
]]></system-out>
  </testcase>
  <testcase name="getAllClientsByAgent_FromCache_Success" classname="com.example.client.ClientProfile.ClientProfileServiceImplTest" time="0.002">
    <system-out><![CDATA[23:51:42.569 [main] INFO com.example.client.ClientProfile.ClientProfileServiceImpl -- Retrieving all client profiles for agent: AGENT-100
]]></system-out>
  </testcase>
  <testcase name="updateClient_PhoneNumberAlreadyExists_ThrowsException" classname="com.example.client.ClientProfile.ClientProfileServiceImplTest" time="0.004">
    <system-out><![CDATA[23:51:42.573 [main] INFO com.example.client.ClientProfile.ClientProfileServiceImpl -- Updating client profile: CLI-ABC12345 for agent: AGENT-100
23:51:42.573 [main] INFO com.example.client.ClientProfile.ClientProfileServiceImpl -- Fetching authorized client for clientId=CLI-ABC12345 agentId=AGENT-100
]]></system-out>
  </testcase>
</testsuite>