<?xml version="1.0" encoding="UTF-8"?>
<testsuite xmlns:xsi="http://www.w3.org/2001/XMLSchema-instance" xsi:noNamespaceSchemaLocation="https://maven.apache.org/surefire/maven-surefire-plugin/xsd/surefire-test-report.xsd" version="3.0.2" name="com.example.client.DemoApplicationTests" time="8.382" tests="1" errors="0" skipped="0" failures="0">
  <properties>
[...]
</properties>
  <testcase name="contextLoads" classname="com.example.client.DemoApplicationTests" time="0.026">
    <system-out><![CDATA[23:51:42.733 [main] INFO org.springframework.test.context.support.AnnotationConfigContextLoaderUtils -- Could not detect default configuration classes for test class [com.example.client.DemoApplicationTests]: DemoApplicationTests does not declare any static, non-private, non-final, nested classes annotated with @Configuration.
23:51:42.870 [main] INFO org.springframework.boot.test.context.SpringBootTestContextBootstrapper -- Found @SpringBootConfiguration com.example.client.DemoApplication for test class com.example.client.DemoApplicationTests

  .   ____          _            __ _ _
 /\\ / ___'_ __ _ _(_)_ __  __ _ \ \ \ \
( ( )\___ | '_ | '_| | '_ \/ _` | \ \ \ \
 \\/  ___)| |_)| | | | | || (_| |  ) ) ) )
  '  |____| .__|_| |_|_| |_\__, | / / / /
 =========|_|==============|___/=/_/_/_/

 :: Spring Boot ::                (v3.5.6)

2025-11-16T23:51:43.329+08:00  INFO 28900 --- [client-profile] [           main] c.example.client.DemoApplicationTests    : Starting DemoApplicationTests using Java 21.0.1 with PID 28900 (started by siahj in C:\Users\siahj\github\project-2025-26T1-g1-t4-client-profile-service\ClientProfile)
2025-11-16T23:51:43.330+08:00 DEBUG 28900 --- [client-profile] [           main] c.example.client.DemoApplicationTests    : Running with Spring Boot v3.5.6, Spring v6.2.11
2025-11-16T23:51:43.332+08:00  INFO 28900 --- [client-profile] [           main] c.example.client.DemoApplicationTests    : No active profile set, falling back to 1 default profile: "default"
2025-11-16T23:51:44.680+08:00  INFO 28900 --- [client-profile] [           main] .s.d.r.c.RepositoryConfigurationDelegate : Multiple Spring Data modules found, entering strict repository configuration mode
2025-11-16T23:51:44.680+08:00  INFO 28900 --- [client-profile] [           main] .s.d.r.c.RepositoryConfigurationDelegate : Bootstrapping Spring Data JPA repositories in DEFAULT mode.
2025-11-16T23:51:44.860+08:00  INFO 28900 --- [client-profile] [           main] .s.d.r.c.RepositoryConfigurationDelegate : Finished Spring Data repository scanning in 164 ms. Found 1 JPA repository interface.
2025-11-16T23:51:44.880+08:00  INFO 28900 --- [client-profile] [           main] .s.d.r.c.RepositoryConfigurationDelegate : Multiple Spring Data modules found, entering strict repository configuration mode
2025-11-16T23:51:44.880+08:00  INFO 28900 --- [client-profile] [           main] .s.d.r.c.RepositoryConfigurationDelegate : Bootstrapping Spring Data Redis repositories in DEFAULT mode.
2025-11-16T23:51:44.902+08:00  INFO 28900 --- [client-profile] [           main] .RepositoryConfigurationExtensionSupport : Spring Data Redis - Could not safely identify store assignment for repository candidate interface com.example.client.ClientProfile.ClientProfileRepository; If you want this repository to be a Redis repository, consider annotating your entities with one of these annotations: org.springframework.data.redis.core.RedisHash (preferred), or consider extending one of the following types with your repository: org.springframework.data.keyvalue.repository.KeyValueRepository
2025-11-16T23:51:44.902+08:00  INFO 28900 --- [client-profile] [           main] .s.d.r.c.RepositoryConfigurationDelegate : Finished Spring Data repository scanning in 11 ms. Found 0 Redis repository interfaces.
2025-11-16T23:51:45.872+08:00  INFO 28900 --- [client-profile] [           main] com.zaxxer.hikari.HikariDataSource       : HikariPool-1 - Starting...
2025-11-16T23:51:46.203+08:00  INFO 28900 --- [client-profile] [           main] com.zaxxer.hikari.pool.HikariPool        : HikariPool-1 - Added connection conn0: url=jdbc:h2:mem:clientprofiledb user=SA
2025-11-16T23:51:46.206+08:00  INFO 28900 --- [client-profile] [           main] com.zaxxer.hikari.HikariDataSource       : HikariPool-1 - Start completed.
2025-11-16T23:51:46.272+08:00  INFO 28900 --- [client-profile] [           main] o.hibernate.jpa.internal.util.LogHelper  : HHH000204: Processing PersistenceUnitInfo [name: default]
2025-11-16T23:51:46.350+08:00  INFO 28900 --- [client-profile] [           main] org.hibernate.Version                    : HHH000412: Hibernate ORM core version 6.6.29.Final
2025-11-16T23:51:46.387+08:00  INFO 28900 --- [client-profile] [           main] o.h.c.internal.RegionFactoryInitiator    : HHH000026: Second-level cache disabled
2025-11-16T23:51:46.535+08:00  INFO 28900 --- [client-profile] [           main] o.s.o.j.p.SpringPersistenceUnitInfo      : No LoadTimeWeaver setup: ignoring JPA class transformer
2025-11-16T23:51:46.593+08:00  WARN 28900 --- [client-profile] [           main] org.hibernate.orm.deprecation            : HHH90000025: H2Dialect does not need to be specified explicitly using 'hibernate.dialect' (remove the property setting and it will be selected by default)
2025-11-16T23:51:46.610+08:00  INFO 28900 --- [client-profile] [           main] org.hibernate.orm.connections.pooling    : HHH10001005: Database info:
	Database JDBC URL [Connecting through datasource 'HikariDataSource (HikariPool-1)']
	Database driver: undefined/unknown
	Database version: 2.3.232
	Autocommit mode: undefined/unknown
	Isolation level: undefined/unknown
	Minimum pool size: undefined/unknown
	Maximum pool size: undefined/unknown
2025-11-16T23:51:47.370+08:00  INFO 28900 --- [client-profile] [           main] o.h.e.t.j.p.i.JtaPlatformInitiator       : HHH000489: No JTA platform available (set 'hibernate.transaction.jta.platform' to enable JTA platform integration)
2025-11-16T23:51:47.406+08:00  INFO 28900 --- [client-profile] [           main] j.LocalContainerEntityManagerFactoryBean : Initialized JPA EntityManagerFactory for persistence unit 'default'
2025-11-16T23:51:47.428+08:00  INFO 28900 --- [client-profile] [           main] c.e.client.config.CacheConfiguration     : Configuring Redis in standalone mode: localhost:6379
2025-11-16T23:51:48.521+08:00  INFO 28900 --- [client-profile] [           main] o.s.d.j.r.query.QueryEnhancerFactory     : Hibernate is in classpath; If applicable, HQL parser will be used.
2025-11-16T23:51:49.555+08:00  WARN 28900 --- [client-profile] [           main] JpaBaseConfiguration$JpaWebConfiguration : spring.jpa.open-in-view is enabled by default. Therefore, database queries may be performed during view rendering. Explicitly configure spring.jpa.open-in-view to disable this warning
2025-11-16T23:51:49.634+08:00 DEBUG 28900 --- [client-profile] [           main] swordEncoderAuthenticationManagerBuilder : No authenticationProviders and no parentAuthenticationManager defined. Returning null.
2025-11-16T23:51:50.145+08:00  INFO 28900 --- [client-profile] [           main] o.s.b.a.e.web.EndpointLinksResolver      : Exposing 1 endpoint beneath base path '/actuator'
2025-11-16T23:51:50.272+08:00 DEBUG 28900 --- [client-profile] [           main] o.s.s.web.DefaultSecurityFilterChain     : Will secure any request with filters: DisableEncodeUrlFilter, WebAsyncManagerIntegrationFilter, SecurityContextHolderFilter, HeaderWriterFilter, LogoutFilter, RequestCacheAwareFilter, SecurityContextHolderAwareRequestFilter, AnonymousAuthenticationFilter, ExceptionTranslationFilter, AuthorizationFilter
2025-11-16T23:51:50.723+08:00  INFO 28900 --- [client-profile] [           main] o.s.b.a.h2.H2ConsoleAutoConfiguration    : H2 console available at '/h2-console'. Database available at 'jdbc:h2:mem:clientprofiledb'
2025-11-16T23:51:50.828+08:00  INFO 28900 --- [client-profile] [           main] c.example.client.DemoApplicationTests    : Started DemoApplicationTests in 7.795 seconds (process running for 10.624)
]]></system-out>
  </testcase>
</testsuite>